<?xml version="1.0" encoding="utf-8"?><testsuites><testsuite name="pytest" errors="0" failures="0" skipped="0" tests="3" time="1.935" timestamp="2024-05-29T12:54:46.978134" hostname="d6edd7cd31c2"><testcase classname="tests.test_prediction" name="test_single_pred_not_none" time="0.058" /><testcase classname="tests.test_prediction" name="test_single_pred_str_type" time="0.042" /><testcase classname="tests.test_prediction" name="test_single_pred_validate" time="0.045" /></testsuite></testsuites>