<?xml version="1.0" encoding="utf-8"?><testsuites><testsuite name="pytest" errors="0" failures="0" skipped="0" tests="3" time="1.516" timestamp="2024-05-05T12:53:26.866857" hostname="c0caf1830177"><testcase classname="tests.test_prediction" name="test_single_pred_not_none" time="0.051" /><testcase classname="tests.test_prediction" name="test_single_pred_str_type" time="0.049" /><testcase classname="tests.test_prediction" name="test_single_pred_validate" time="0.046" /></testsuite></testsuites>